 2026-03-03T20:25:28.199Z INFO  xwayland_satellite > Starting xwayland-satellite version 0.8.0
 2026-03-03T20:25:28.222Z INFO  xwayland_process   > _XSERVTransSocketUNIXCreateListener: ...SocketCreateListener() failed
 2026-03-03T20:25:28.222Z INFO  xwayland_process   > _XSERVTransMakeAllCOTSServerListeners: server already running
 2026-03-03T20:25:28.315Z INFO  xwayland_process   > The XKEYBOARD keymap compiler (xkbcomp) reports:
 2026-03-03T20:25:28.315Z INFO  xwayland_process   > > Warning:          Multiple symbols for level 1/group 1 on key <FK23>
 2026-03-03T20:25:28.315Z INFO  xwayland_process   > >                   Using F23, ignoring XF86TouchpadOff
 2026-03-03T20:25:28.315Z INFO  xwayland_process   > > Warning:          Symbol map for key <FK23> redefined
 2026-03-03T20:25:28.315Z INFO  xwayland_process   > >                   Using last definition for conflicting fields
 2026-03-03T20:25:28.315Z INFO  xwayland_process   > > Warning:          Symbol map for key <FK24> redefined
 2026-03-03T20:25:28.315Z INFO  xwayland_process   > >                   Using last definition for conflicting fields
 2026-03-03T20:25:28.316Z INFO  xwayland_process   > Errors from xkbcomp are not fatal to the X server
 2026-03-03T20:25:28.318Z INFO  xwayland_satellite::xstate > xfixes version: 1.0
 2026-03-03T20:25:28.320Z INFO  xwayland_satellite         > Connected to Xwayland on :1
 2026-03-03T20:25:28.320Z INFO  xwayland_satellite         > Successfully notified systemd of ready state.
 2026-03-03T20:25:28.327Z INFO  xwayland_process           > The XKEYBOARD keymap compiler (xkbcomp) reports:
 2026-03-03T20:25:28.327Z INFO  xwayland_process           > > Warning:          Unsupported maximum keycode 709, clipping.
 2026-03-03T20:25:28.327Z INFO  xwayland_process           > >                   X11 cannot support keycodes above 255.
 2026-03-03T20:25:28.327Z INFO  xwayland_process           > > Warning:          Virtual modifier Hyper multiply defined
 2026-03-03T20:25:28.327Z INFO  xwayland_process           > >                   Using 0, ignoring 0
 2026-03-03T20:25:28.327Z INFO  xwayland_process           > > Warning:          Virtual modifier ScrollLock multiply defined
 2026-03-03T20:25:28.327Z INFO  xwayland_process           > >                   Using 0, ignoring 0
 2026-03-03T20:25:28.328Z INFO  xwayland_process           > Errors from xkbcomp are not fatal to the X server
 2026-03-03T20:25:30.364Z WARN  xwayland_satellite::server > No last focused toplevel, cannot focus window Window { res_id: 4194313 }
 2026-03-03T20:26:17.262Z INFO  xwayland_process           > syntax error: line 1 of stdin
 2026-03-03T20:26:17.262Z INFO  xwayland_process           > Errors encountered in stdin; not compiled.
 2026-03-03T20:48:13.613Z INFO  xwayland_process           > syntax error: line 1 of stdin
 2026-03-03T20:48:13.613Z INFO  xwayland_process           > Errors encountered in stdin; not compiled.

thread 'main' (1523838) panicked at src/xstate/settings.rs:20:14:
called `Result::unwrap()` on an `Err` value: Connection(Connection)
note: run with `RUST_BACKTRACE=1` environment variable to display a backtrace
